2024-12-16 17:03:08,479 CRIT Supervisor is running as root.  Privileges were not dropped because no user is specified in the config file.  If you intend to run as root, you can set user=root in the config file to avoid this message.
2024-12-16 17:03:08,481 INFO supervisord started with pid 1
2024-12-16 17:03:09,485 INFO spawned: 'nginx' with pid 7
2024-12-16 17:03:09,487 INFO spawned: 'php-fpm' with pid 8
2024-12-16 17:03:09,488 INFO spawned: 'watchdog' with pid 9
2024-12-16 17:03:10,540 INFO success: nginx entered RUNNING state, process has stayed up for > than 1 seconds (startsecs)
2024-12-16 17:03:10,540 INFO success: php-fpm entered RUNNING state, process has stayed up for > than 1 seconds (startsecs)
2024-12-16 17:03:10,540 INFO success: watchdog entered RUNNING state, process has stayed up for > than 1 seconds (startsecs)
2024-12-16 17:04:32,333 WARN received SIGQUIT indicating exit request
2024-12-16 17:04:32,334 INFO waiting for nginx, php-fpm, watchdog to die
2024-12-16 17:04:33,335 WARN stopped: watchdog (terminated by SIGTERM)
2024-12-16 17:04:33,343 INFO stopped: php-fpm (exit status 0)
2024-12-16 17:04:33,346 INFO stopped: nginx (exit status 0)
2024-12-16 17:05:10,140 CRIT Supervisor is running as root.  Privileges were not dropped because no user is specified in the config file.  If you intend to run as root, you can set user=root in the config file to avoid this message.
2024-12-16 17:05:10,142 INFO supervisord started with pid 1
2024-12-16 17:05:11,145 INFO spawned: 'nginx' with pid 7
2024-12-16 17:05:11,147 INFO spawned: 'php-fpm' with pid 8
2024-12-16 17:05:11,149 INFO spawned: 'watchdog' with pid 9
2024-12-16 17:05:12,200 INFO success: nginx entered RUNNING state, process has stayed up for > than 1 seconds (startsecs)
2024-12-16 17:05:12,200 INFO success: php-fpm entered RUNNING state, process has stayed up for > than 1 seconds (startsecs)
2024-12-16 17:05:12,200 INFO success: watchdog entered RUNNING state, process has stayed up for > than 1 seconds (startsecs)
2024-12-16 17:07:39,413 WARN received SIGQUIT indicating exit request
2024-12-16 17:07:39,413 INFO waiting for nginx, php-fpm, watchdog to die
2024-12-16 17:07:40,415 WARN stopped: watchdog (terminated by SIGTERM)
2024-12-16 17:07:40,422 INFO stopped: php-fpm (exit status 0)
2024-12-16 17:07:40,426 INFO stopped: nginx (exit status 0)
2024-12-16 17:08:04,881 CRIT Supervisor is running as root.  Privileges were not dropped because no user is specified in the config file.  If you intend to run as root, you can set user=root in the config file to avoid this message.
2024-12-16 17:08:04,883 INFO supervisord started with pid 1
2024-12-16 17:08:05,886 INFO spawned: 'nginx' with pid 7
2024-12-16 17:08:05,888 INFO spawned: 'php-fpm' with pid 8
2024-12-16 17:08:05,890 INFO spawned: 'watchdog' with pid 9
2024-12-16 17:08:06,942 INFO success: nginx entered RUNNING state, process has stayed up for > than 1 seconds (startsecs)
2024-12-16 17:08:06,942 INFO success: php-fpm entered RUNNING state, process has stayed up for > than 1 seconds (startsecs)
2024-12-16 17:08:06,942 INFO success: watchdog entered RUNNING state, process has stayed up for > than 1 seconds (startsecs)
2024-12-16 17:08:43,058 WARN received SIGQUIT indicating exit request
2024-12-16 17:08:43,058 INFO waiting for nginx, php-fpm, watchdog to die
2024-12-16 17:08:44,060 WARN stopped: watchdog (terminated by SIGTERM)
2024-12-16 17:08:44,066 INFO stopped: php-fpm (exit status 0)
2024-12-16 17:08:44,069 INFO stopped: nginx (exit status 0)
